Initializing eigensolver data
Computing 8 bands with 1e-07 tolerance
Working in 2 dimensions.
Grid size is 32 x 32 x 1.
Solving for 8 bands at a time.
Creating Maxwell data...
Mesh size is 3.
Lattice vectors:
     (1, 0, 0)
     (0, 1, 0)
     (0, 0, 1)
Cell volume = 1
Reciprocal lattice vectors (/ 2 pi):
     (1, -0, 0)
     (-0, 1, -0)
     (0, -0, 1)
Geometric objects:
     cylinder, center = (0,0,0)
          radius 0.2, height 1e+20, axis (0, 0, 1)
Geometric object tree has depth 1 and 1 object nodes (vs. 1 actual objects)
Initializing epsilon function...
Allocating fields...
Solving for band polarization: te.
Initializing fields to random numbers...
16 k-points
  Vector3<0.0, 0.0, 0.0>
  Vector3<0.1, 0.0, 0.0>
  Vector3<0.2, 0.0, 0.0>
  Vector3<0.30000000000000004, 0.0, 0.0>
  Vector3<0.4, 0.0, 0.0>
  Vector3<0.5, 0.0, 0.0>
  Vector3<0.5, 0.1, 0.0>
  Vector3<0.5, 0.2, 0.0>
  Vector3<0.5, 0.30000000000000004, 0.0>
  Vector3<0.5, 0.4, 0.0>
  Vector3<0.5, 0.5, 0.0>
  Vector3<0.4, 0.4, 0.0>
  Vector3<0.3, 0.3, 0.0>
  Vector3<0.19999999999999996, 0.19999999999999996, 0.0>
  Vector3<0.09999999999999998, 0.09999999999999998, 0.0>
  Vector3<0.0, 0.0, 0.0>
elapsed time for initialization: 0.0008664131164550781
solve_kpoint (0,0,0):
Solving for bands 2 to 8...
Finished solving for bands 2 to 8 after 32 iterations.
tefreqs:, 1, 0, 0, 0, 0, 0, 0.552709, 0.773227, 0.77323, 0.922997, 1.00017, 1.00017, 1.09282
elapsed time for k point: 0.04827451705932617
solve_kpoint (0.1,0,0):
Solving for bands 1 to 8...
Finished solving for bands 1 to 8 after 90 iterations.
tefreqs:, 2, 0.1, 0, 0, 0.1, 0.0897333, 0.551138, 0.7616, 0.774682, 0.907199, 1.00188, 1.00357, 1.10209
elapsed time for k point: 0.17077326774597168
solve_kpoint (0.2,0,0):
Solving for bands 1 to 8...
Finished solving for bands 1 to 8 after 12 iterations.
tefreqs:, 3, 0.2, 0, 0, 0.2, 0.178692, 0.544896, 0.728534, 0.778528, 0.880244, 1.00699, 1.01696, 1.10027
elapsed time for k point: 0.024497509002685547
solve_kpoint (0.3,0,0):
Solving for bands 1 to 8...
Finished solving for bands 1 to 8 after 12 iterations.
tefreqs:, 4, 0.3, 0, 0, 0.3, 0.265798, 0.528176, 0.685449, 0.783377, 0.860714, 1.01515, 1.03843, 1.09664
elapsed time for k point: 0.02363133430480957
solve_kpoint (0.4,0,0):
Solving for bands 1 to 8...
Finished solving for bands 1 to 8 after 15 iterations.
tefreqs:, 5, 0.4, 0, 0, 0.4, 0.348956, 0.490738, 0.652797, 0.787382, 0.849999, 1.02443, 1.06441, 1.09121
elapsed time for k point: 0.029413223266601562
solve_kpoint (0.5,0,0):
Solving for bands 1 to 8...
Finished solving for bands 1 to 8 after 20 iterations.
tefreqs:, 6, 0.5, 0, 0, 0.5, 0.412791, 0.441588, 0.641998, 0.788933, 0.846588, 1.02916, 1.08607, 1.08787
elapsed time for k point: 0.039284467697143555
solve_kpoint (0.5,0.1,0):
Solving for bands 1 to 8...
Finished solving for bands 1 to 8 after 15 iterations.
tefreqs:, 7, 0.5, 0.1, 0, 0.509902, 0.423741, 0.445781, 0.63823, 0.793147, 0.842943, 0.986523, 1.05018, 1.10383
elapsed time for k point: 0.02923297882080078
solve_kpoint (0.5,0.2,0):
Solving for bands 1 to 8...
Finished solving for bands 1 to 8 after 12 iterations.
tefreqs:, 8, 0.5, 0.2, 0, 0.538516, 0.454781, 0.457434, 0.627898, 0.805254, 0.826101, 0.927945, 1.00456, 1.10879
elapsed time for k point: 0.02373051643371582
solve_kpoint (0.5,0.3,0):
Solving for bands 1 to 8...
Finished solving for bands 1 to 8 after 11 iterations.
tefreqs:, 9, 0.5, 0.3, 0, 0.583095, 0.473767, 0.501279, 0.61358, 0.781467, 0.824181, 0.894949, 0.959051, 1.1107
elapsed time for k point: 0.021868467330932617
solve_kpoint (0.5,0.4,0):
Solving for bands 1 to 8...
Finished solving for bands 1 to 8 after 10 iterations.
tefreqs:, 10, 0.5, 0.4, 0, 0.640312, 0.489649, 0.556045, 0.59957, 0.719611, 0.849247, 0.884337, 0.917168, 1.11162
elapsed time for k point: 0.02048325538635254
solve_kpoint (0.5,0.5,0):
Solving for bands 1 to 8...
Finished solving for bands 1 to 8 after 9 iterations.
tefreqs:, 11, 0.5, 0.5, 0, 0.707107, 0.496836, 0.593141, 0.593154, 0.679169, 0.878684, 0.881977, 0.881982, 1.11192
elapsed time for k point: 0.018263816833496094
solve_kpoint (0.4,0.4,0):
Solving for bands 1 to 8...
Finished solving for bands 1 to 8 after 10 iterations.
tefreqs:, 12, 0.4, 0.4, 0, 0.565685, 0.470987, 0.546003, 0.606732, 0.743602, 0.839223, 0.882254, 0.93697, 1.11121
elapsed time for k point: 0.02012038230895996
solve_kpoint (0.3,0.3,0):
Solving for bands 1 to 8...
Finished solving for bands 1 to 8 after 12 iterations.
tefreqs:, 13, 0.3, 0.3, 0, 0.424264, 0.372435, 0.536186, 0.644572, 0.809689, 0.825804, 0.883642, 1.0102, 1.10725
elapsed time for k point: 0.024207592010498047
solve_kpoint (0.2,0.2,0):
Solving for bands 1 to 8...
Finished solving for bands 1 to 8 after 15 iterations.
tefreqs:, 14, 0.2, 0.2, 0, 0.282843, 0.252088, 0.542887, 0.698081, 0.789371, 0.888483, 0.897858, 1.07884, 1.09039
elapsed time for k point: 0.030512332916259766
solve_kpoint (0.1,0.1,0):
Solving for bands 1 to 8...
Finished solving for bands 1 to 8 after 18 iterations.
tefreqs:, 15, 0.1, 0.1, 0, 0.141421, 0.126841, 0.549908, 0.750378, 0.777261, 0.903059, 0.961984, 1.04191, 1.10004
elapsed time for k point: 0.037131309509277344
solve_kpoint (0,0,0):
Solving for bands 2 to 8...
Finished solving for bands 2 to 8 after 84 iterations.
tefreqs:, 16, 0, 0, 0, 0, 0, 0.552709, 0.773227, 0.77323, 0.922997, 1.00017, 1.00017, 1.09282
elapsed time for k point: 0.1273953914642334
Band 1 range: 0.0 at Vector3<0.0, 0.0, 0.0> to 0.4968358657398511 at Vector3<0.5, 0.5, 0.0>
Band 2 range: 0.44158847583464156 at Vector3<0.5, 0.0, 0.0> to 0.5931405182468735 at Vector3<0.5, 0.5, 0.0>
Band 3 range: 0.5931535893552183 at Vector3<0.5, 0.5, 0.0> to 0.7732265678823185 at Vector3<0.0, 0.0, 0.0>
Band 4 range: 0.6791690135255475 at Vector3<0.5, 0.5, 0.0> to 0.8096891662050545 at Vector3<0.3, 0.3, 0.0>
Band 5 range: 0.8241814492203697 at Vector3<0.5, 0.30000000000000004, 0.0> to 0.9229965462682149 at Vector3<0.0, 0.0, 0.0>
Band 6 range: 0.8819770936730567 at Vector3<0.5, 0.5, 0.0> to 1.029159730727693 at Vector3<0.5, 0.0, 0.0>
Band 7 range: 0.8819818143162866 at Vector3<0.5, 0.5, 0.0> to 1.0860733987628703 at Vector3<0.5, 0.0, 0.0>
Band 8 range: 1.0878690871383216 at Vector3<0.5, 0.0, 0.0> to 1.1119174102006373 at Vector3<0.5, 0.5, 0.0>
Gap from band 2 (0.5931405182468735) to band 3 (0.5931535893552183), 0.0022036876455923627%
Gap from band 4 (0.8096891662050545) to band 5 (0.8241814492203697), 1.7739817190532885%
Gap from band 7 (1.0860733987628703) to band 8 (1.0878690871383216), 0.16520109313811115%
total elapsed time for run: 0.6905362606048584
done

Elapsed run time = 0.7121 s
tefreqs:, k index, k1, k2, k3, kmag/2pi, te band 1, te band 2, te band 3, te band 4, te band 5, te band 6, te band 7, te band 8
